2023-09-01 13:36:51,425 INFO o.h.v.i.u.Version [background-preinit] HV000001: Hibernate Validator 6.1.6.Final
2023-09-01 13:36:51,457 INFO o.e.SpringBatchApp [main] Starting SpringBatchApp using Java 1.8.0_202 on ITEM-S77589 with PID 5904 (C:\Users\mzoghlami\DATA\mycode\batch\Batch - Copie\target\classes started by mzoghlami in C:\Users\mzoghlami\DATA\mycode\batch\Batch - Copie)
2023-09-01 13:36:51,459 INFO o.e.SpringBatchApp [main] No active profile set, falling back to default profiles: default
2023-09-01 13:36:52,001 INFO o.s.d.r.c.RepositoryConfigurationDelegate [main] Bootstrapping Spring Data JPA repositories in DEFAULT mode.
2023-09-01 13:36:52,067 INFO o.s.d.r.c.RepositoryConfigurationDelegate [main] Finished Spring Data repository scanning in 57 ms. Found 1 JPA repository interfaces.
2023-09-01 13:36:52,528 INFO o.h.j.i.u.LogHelper [main] HHH000204: Processing PersistenceUnitInfo [name: default]
2023-09-01 13:36:52,591 INFO o.h.Version [main] HHH000412: Hibernate ORM core version 5.4.25.Final
2023-09-01 13:36:52,704 INFO o.h.a.c.Version [main] HCANN000001: Hibernate Commons Annotations {5.1.2.Final}
2023-09-01 13:36:53,307 INFO c.z.h.HikariDataSource [main] HikariPool-1 - Starting...
2023-09-01 13:36:54,053 INFO c.z.h.HikariDataSource [main] HikariPool-1 - Start completed.
2023-09-01 13:36:54,068 INFO o.h.d.Dialect [main] HHH000400: Using dialect: org.hibernate.dialect.MySQL5InnoDBDialect
2023-09-01 13:36:54,860 INFO o.h.e.t.j.p.i.JtaPlatformInitiator [main] HHH000490: Using JtaPlatform implementation: [org.hibernate.engine.transaction.jta.platform.internal.NoJtaPlatform]
2023-09-01 13:36:54,868 INFO o.s.o.j.LocalContainerEntityManagerFactoryBean [main] Initialized JPA EntityManagerFactory for persistence unit 'default'
2023-09-01 13:36:55,488 INFO o.s.b.c.r.s.JobRepositoryFactoryBean [main] No database type set, using meta data indicating: MYSQL
2023-09-01 13:36:55,658 INFO o.s.b.c.l.s.SimpleJobLauncher [main] No TaskExecutor has been set, defaulting to synchronous executor.
2023-09-01 13:36:55,734 INFO o.e.SpringBatchApp [main] Started SpringBatchApp in 4.914 seconds (JVM running for 5.802)
2023-09-01 13:36:55,951 INFO o.s.b.c.l.s.SimpleJobLauncher [main] Job: [SimpleJob: [name=cursorDataSourceJob]] launched with the following parameters: [{time=1693571815736}]
2023-09-01 13:36:55,991 INFO o.s.b.c.j.SimpleStepHandler [main] Executing step: [cursorDataSourceStep]
2023-09-01 13:36:56,021 INFO o.s.b.c.s.AbstractStep [main] Step: [cursorDataSourceStep] executed in 29ms
2023-09-01 13:36:56,050 INFO o.s.b.c.l.s.SimpleJobLauncher [main] Job: [SimpleJob: [name=cursorDataSourceJob]] completed with the following parameters: [{time=1693571815736}] and the following status: [COMPLETED] in 66ms
2023-09-01 13:36:56,066 INFO o.s.o.j.LocalContainerEntityManagerFactoryBean [SpringContextShutdownHook] Closing JPA EntityManagerFactory for persistence unit 'default'
2023-09-01 13:36:56,074 INFO c.z.h.HikariDataSource [SpringContextShutdownHook] HikariPool-1 - Shutdown initiated...
2023-09-01 13:36:56,099 INFO c.z.h.HikariDataSource [SpringContextShutdownHook] HikariPool-1 - Shutdown completed.
2023-09-01 13:44:11,140 INFO o.h.v.i.u.Version [background-preinit] HV000001: Hibernate Validator 6.1.6.Final
2023-09-01 13:44:11,173 INFO o.e.SpringBatchApp [main] Starting SpringBatchApp using Java 1.8.0_202 on ITEM-S77589 with PID 18524 (C:\Users\mzoghlami\DATA\mycode\batch\Batch - Copie\target\classes started by mzoghlami in C:\Users\mzoghlami\DATA\mycode\batch\Batch - Copie)
2023-09-01 13:44:11,175 INFO o.e.SpringBatchApp [main] No active profile set, falling back to default profiles: default
2023-09-01 13:44:11,701 INFO o.s.d.r.c.RepositoryConfigurationDelegate [main] Bootstrapping Spring Data JPA repositories in DEFAULT mode.
2023-09-01 13:44:11,763 INFO o.s.d.r.c.RepositoryConfigurationDelegate [main] Finished Spring Data repository scanning in 55 ms. Found 1 JPA repository interfaces.
2023-09-01 13:44:12,166 INFO o.h.j.i.u.LogHelper [main] HHH000204: Processing PersistenceUnitInfo [name: default]
2023-09-01 13:44:12,216 INFO o.h.Version [main] HHH000412: Hibernate ORM core version 5.4.25.Final
2023-09-01 13:44:12,378 INFO o.h.a.c.Version [main] HCANN000001: Hibernate Commons Annotations {5.1.2.Final}
2023-09-01 13:44:12,907 INFO c.z.h.HikariDataSource [main] HikariPool-1 - Starting...
2023-09-01 13:44:13,626 INFO c.z.h.HikariDataSource [main] HikariPool-1 - Start completed.
2023-09-01 13:44:13,641 INFO o.h.d.Dialect [main] HHH000400: Using dialect: org.hibernate.dialect.MySQL5InnoDBDialect
2023-09-01 13:44:14,445 INFO o.h.e.t.j.p.i.JtaPlatformInitiator [main] HHH000490: Using JtaPlatform implementation: [org.hibernate.engine.transaction.jta.platform.internal.NoJtaPlatform]
2023-09-01 13:44:14,453 INFO o.s.o.j.LocalContainerEntityManagerFactoryBean [main] Initialized JPA EntityManagerFactory for persistence unit 'default'
2023-09-01 13:44:14,989 WARN o.s.c.a.AnnotationConfigApplicationContext [main] Exception encountered during context initialization - cancelling refresh attempt: org.springframework.beans.factory.BeanCreationException: Error creating bean with name 'dataSourceInitializer' defined in class path resource [org/example/config/DataSourceConfig.class]: Invocation of init method failed; nested exception is org.springframework.jdbc.datasource.init.ScriptStatementFailedException: Failed to execute SQL script statement #2 of class path resource [init.sql]: INSERT INTO `client` (`name`,`nickname`,`age`,`email`,`salary_range`) VALUES ('Mariam Reichert PhD', NULL, '56', 'abernier@example.com', '889.2'), ('Kyra Gutmann', NULL, '58', 'alexandria.gutmann@example.org', '2084.11'), ('Mrs. Ashlynn Treutel', NULL, '61', 'amani.wuckert@example.net', '395.25'), ('Cassie Breitenberg', NULL, '66', 'ankunding.cheyanne@example.net', '407.48'), ('Herman Skiles', NULL, '97', 'asimonis@example.net', NULL), ('Ashly Sawayn I', NULL, '80', 'bell.botsford@example.org', '584'), ('Abigail Hagenes', NULL, '44', 'bernier.junius@example.org', NULL), ('Denis Schroeder', NULL, '62', 'berry.heaney@example.net', NULL), ('Yessenia Rau II', NULL, '34', 'bkris@example.org', NULL), ('Magali Feil', NULL, '30', 'brice52@example.com', '617.38'), ('Melany Mann', NULL, '58', 'bridie93@example.net', NULL), ('Emily Bradtke I', NULL, '80', 'brown.aliya@example.org', NULL), ('Miss Rossie Kohler II', NULL, '31', 'buckridge.tiana@example.com', '31118.75'), ('Dr. Reba Grady III', NULL, '78', 'carlie15@example.org', '1590.43'), ('Dr. Brycen Kirlin', NULL, '89', 'celestino10@example.org', NULL), ('Ova Hauck', NULL, '28', 'celine.cummerata@example.org', NULL), ('Miss Cortney Doyle', NULL, '49', 'cordie.eichmann@example.com', '104.41'), ('Kristofer Sipes MD', NULL, '92', 'cronin.theo@example.org', NULL), ('Benny Denesik Jr.', NULL, '57', 'dejon41@example.net', '977.83'), ('Lea Miller', NULL, '37', 'dejuan67@example.com', NULL), ('Bryana Hermann', NULL, '47', 'demetrius.fisher@example.net', NULL), ('Donnell Lind MD', NULL, '21', 'denesik.ruben@example.com', '14897.49'), ('Ken Auer II', NULL, '58', 'derek.paucek@example.org', '36583.92'), ('Leonel Adams', NULL, '92', 'destini.marks@example.org', NULL), ('Dr. Laverna Barrows DDS', NULL, '79', 'dkilback@example.org', NULL), ('Regan Walter PhD', NULL, '83', 'dkoepp@example.com', '2140.55'), ('Tom Hirthe', NULL, '32', 'dsanford@example.org', '13564.87'), ('Stanford Davis', NULL, '87', 'ernser.sarah@example.org', '146.82'), ('Stacy Kilback', NULL, '24', 'farrell.noemy@example.org', '413.61'), ('Mr. Eldred Nikolaus MD', NULL, '53', 'freddie94@example.org', '130.73'), ('Mr. Zack Wisozk', NULL, '51', 'freichel@example.net', NULL), ('Dusty Kunde', NULL, '68', 'freynolds@example.com', '606.36'), ('Maxie OReilly III', NULL, '62', 'garrison.larson@example.com', '634.82'), ('Mr. Moshe Mraz', NULL, '23', 'gdonnelly@example.org', '352.12'), ('Prof. Barbara Dach', NULL, '27', 'geo.dach@example.org', NULL), ('Jenifer Muller', NULL, '82', 'gleason.daphney@example.com', '151.69'), ('Dr. Frederic Little', NULL, '96', 'gulgowski.kali@example.com', NULL), ('Bert Cummings', NULL, '75', 'halvorson.ivy@example.net', NULL), ('Ardith Wilkinson', NULL, '45', 'harrison.bradtke@example.com', '1467.07'), ('Twila Stark', NULL, '35', 'heaney.meggie@example.org', '7792.28'), ('Thelma Cormier', NULL, '88', 'hilario79@example.org', NULL), ('Prof. Van Auer', NULL, '22', 'homenick.sydney@example.com', '1250.65'), ('Prof. Palma Spinka', NULL, '28', 'howe.elian@example.net', '26.86'), ('Norene Ortiz', NULL, '49', 'ignatius.kuhlman@example.org', '808.06'), ('Wava Buckridge', NULL, '49', 'jacobi.megane@example.com', '29.88'), ('Prof. Cameron Keeling', NULL, '75', 'jody41@example.com', NULL), ('Zack Stiedemann', NULL, '77', 'julian81@example.com', '701.35'), ('Haven Mann', NULL, '66', 'kaley41@example.org', '809.64'), ('Francisco Swaniawski', NULL, '80', 'kariane.marvin@example.org', NULL), ('Prof. Lavonne King', NULL, '73', 'karianne.wolff@example.org', '199.97'), ('Keith Hoeger', NULL, '47', 'klocko.kareem@example.net', '405.51'), ('Mrs. Avis Gerhold', NULL, '99', 'kunde.kraig@example.org', '1155.96'), ('Dr. Clair Bayer', NULL, '78', 'kunze.aniya@example.com', NULL), ('Elyssa Gerhold', NULL, '60', 'magdalen99@example.org', '964.64'), ('Anastasia Kemmer', NULL, '19', 'maiya.boehm@example.org', '984.76'), ('Maegan Hackett', NULL, '58', 'marilyne.mcglynn@example.net', '3305.84'), ('Eladio Weber', NULL, '58', 'marlene.beahan@example.net', NULL), ('Damien Bauch', NULL, '29', 'maurine88@example.org', '10847.18'), ('Dr. Gabe Paucek', NULL, '41', 'medhurst.tiffany@example.net', NULL), ('Mr. Mustafa Altenwerth', NULL, '93', 'mgleason@example.net', NULL), ('Madie Bechtelar', NULL, '23', 'milford.corkery@example.net', NULL), ('Gladys Goodwin', NULL, '27', 'milton.white@example.org', '8217.66'), ('Moshe Spencer', NULL, '29', 'molly.feil@example.org', NULL), ('Ms. Sandrine Nienow', NULL, '62', 'mstehr@example.net', NULL), ('Joanie Purdy', NULL, '34', 'ncorkery@example.org', '800.14'), ('Miss Lila Jacobs Sr.', NULL, '74', 'nwehner@example.org', NULL), ('Sydnee Koelpin', NULL, '21', 'octavia.white@example.com', '792.82'), ('Ibrahim Kiehn MD', NULL, '33', 'oswald.parisian@example.net', '78729.77'), ('Adrianna Hilpert', NULL, '61', 'pfeffer.louisa@example.com', NULL), ('Agustin Champlin', NULL, '20', 'pink.schoen@example.com', '839.61'), ('Elijah Carter', NULL, '64', 'qdonnelly@example.net', '33041.46'), ('Rhiannon Kirlin PhD', NULL, '20', 'qfahey@example.com', '3830.46'), ('Keeley Lindgren', NULL, '98', 'qrau@example.com', '354.53'), ('Prof. Margarita Conn V', NULL, '31', 'quinton.koelpin@example.org', '23164.7'), ('Tyree Luettgen', NULL, '43', 'rcorwin@example.org', '3198.02'), ('Emmanuelle Waelchi', NULL, '50', 'reilly.emmie@example.net', NULL), ('Josh Abbott', NULL, '98', 'rex.frami@example.org', '1151.21'), ('Mrs. Kaylah Wyman DVM', NULL, '37', 'roberto09@example.org', '686.48'), ('Skyla Raynor', NULL, '76', 'rose71@example.net', '902.09'), ('Mr. Baron Hodkiewicz DDS', NULL, '34', 'rossie25@example.org', '887.3'), ('Broderick Lueilwitz', NULL, '31', 'rrunolfsdottir@example.org', '6059.99'), ('Dayna Gleichner', NULL, '65', 'salvador.corwin@example.net', '983.83'), ('Prof. Carli Will', NULL, '73', 'sophie.grimes@example.org', '1405.43'), ('Prof. Al Oberbrunner Sr.', NULL, '34', 'stehr.lane@example.com', '479.21'), ('Francesco Ankunding', NULL, '93', 'swaniawski.sophia@example.com', NULL), ('Arden Gorczany', NULL, '64', 'sylvester59@example.com', NULL), ('Lesley Lueilwitz', NULL, '64', 'tbernier@example.com', '455.82'), ('Carrie Hagenes I', NULL, '29', 'trycia.fay@example.org', '745.03'), ('Lauren Torphy', NULL, '62', 'ublanda@example.net', '788.06'), ('Georgianna Hoppe', NULL, '100', 'uturner@example.com', '1027.07'), ('Dr. Vivien Miller', NULL, '42', 'vcremin@example.org', NULL), ('Verner Walker', NULL, '85', 'vlittle@example.com', '845.41'), ('Noemi Tremblay', NULL, '27', 'ward.makenna@example.org', '2110.2'), ('Dr. Erin Dooley', NULL, '32', 'wbruen@example.net', NULL), ('Dr. Madison Schultz', NULL, '38', 'winnifred69@example.org', '586.71'), ('Dr. Gladyce Klocko', NULL, '73', 'xhomenick@example.com', '20627.86'), ('Modesta Kiehn', NULL, '26', 'xschoen@example.org', '11129.81'), ('Madonna Russel MD', NULL, '61', 'yundt.eda@example.net', '33943.39'), ('Michel Borer', NULL, '61', 'zkub@example.org', '41.63'), ('Mr. Major O Connell IV', NULL, '96', 'zmuller@example.org', NULL); nested exception is java.sql.SQLIntegrityConstraintViolationException: Column 'nickname' cannot be null
2023-09-01 13:44:14,993 INFO o.s.o.j.LocalContainerEntityManagerFactoryBean [main] Closing JPA EntityManagerFactory for persistence unit 'default'
2023-09-01 13:44:14,997 INFO c.z.h.HikariDataSource [main] HikariPool-1 - Shutdown initiated...
2023-09-01 13:44:15,001 INFO c.z.h.HikariDataSource [main] HikariPool-1 - Shutdown completed.
2023-09-01 13:44:58,523 INFO o.h.v.i.u.Version [background-preinit] HV000001: Hibernate Validator 6.1.6.Final
2023-09-01 13:44:58,559 INFO o.e.SpringBatchApp [main] Starting SpringBatchApp using Java 1.8.0_202 on ITEM-S77589 with PID 20696 (C:\Users\mzoghlami\DATA\mycode\batch\Batch - Copie\target\classes started by mzoghlami in C:\Users\mzoghlami\DATA\mycode\batch\Batch - Copie)
2023-09-01 13:44:58,561 INFO o.e.SpringBatchApp [main] No active profile set, falling back to default profiles: default
2023-09-01 13:44:59,082 INFO o.s.d.r.c.RepositoryConfigurationDelegate [main] Bootstrapping Spring Data JPA repositories in DEFAULT mode.
2023-09-01 13:44:59,142 INFO o.s.d.r.c.RepositoryConfigurationDelegate [main] Finished Spring Data repository scanning in 53 ms. Found 1 JPA repository interfaces.
2023-09-01 13:44:59,615 INFO o.h.j.i.u.LogHelper [main] HHH000204: Processing PersistenceUnitInfo [name: default]
2023-09-01 13:44:59,668 INFO o.h.Version [main] HHH000412: Hibernate ORM core version 5.4.25.Final
2023-09-01 13:44:59,823 INFO o.h.a.c.Version [main] HCANN000001: Hibernate Commons Annotations {5.1.2.Final}
2023-09-01 13:45:00,376 INFO c.z.h.HikariDataSource [main] HikariPool-1 - Starting...
2023-09-01 13:45:01,096 INFO c.z.h.HikariDataSource [main] HikariPool-1 - Start completed.
2023-09-01 13:45:01,112 INFO o.h.d.Dialect [main] HHH000400: Using dialect: org.hibernate.dialect.MySQL5InnoDBDialect
2023-09-01 13:45:01,902 INFO o.h.e.t.j.p.i.JtaPlatformInitiator [main] HHH000490: Using JtaPlatform implementation: [org.hibernate.engine.transaction.jta.platform.internal.NoJtaPlatform]
2023-09-01 13:45:01,913 INFO o.s.o.j.LocalContainerEntityManagerFactoryBean [main] Initialized JPA EntityManagerFactory for persistence unit 'default'
2023-09-01 13:45:02,561 WARN o.s.c.a.AnnotationConfigApplicationContext [main] Exception encountered during context initialization - cancelling refresh attempt: org.springframework.beans.factory.BeanCreationException: Error creating bean with name 'dataSourceInitializer' defined in class path resource [org/example/config/DataSourceConfig.class]: Invocation of init method failed; nested exception is org.springframework.jdbc.datasource.init.ScriptStatementFailedException: Failed to execute SQL script statement #2 of class path resource [init.sql]: INSERT INTO `client` (`name`,`nickname`,`age`,`email`,`salary_range`) VALUES ('Mariam Reichert PhD', NULL, '56', 'abernier@example.com', '889.2'), ('Kyra Gutmann', NULL, '58', 'alexandria.gutmann@example.org', '2084.11'), ('Mrs. Ashlynn Treutel', NULL, '61', 'amani.wuckert@example.net', '395.25'), ('Cassie Breitenberg', NULL, '66', 'ankunding.cheyanne@example.net', '407.48'), ('Herman Skiles', NULL, '97', 'asimonis@example.net', NULL), ('Ashly Sawayn I', NULL, '80', 'bell.botsford@example.org', '584'), ('Abigail Hagenes', NULL, '44', 'bernier.junius@example.org', NULL), ('Denis Schroeder', NULL, '62', 'berry.heaney@example.net', NULL), ('Yessenia Rau II', NULL, '34', 'bkris@example.org', NULL), ('Magali Feil', NULL, '30', 'brice52@example.com', '617.38'), ('Melany Mann', NULL, '58', 'bridie93@example.net', NULL), ('Emily Bradtke I', NULL, '80', 'brown.aliya@example.org', NULL), ('Miss Rossie Kohler II', NULL, '31', 'buckridge.tiana@example.com', '31118.75'), ('Dr. Reba Grady III', NULL, '78', 'carlie15@example.org', '1590.43'), ('Dr. Brycen Kirlin', NULL, '89', 'celestino10@example.org', NULL), ('Ova Hauck', NULL, '28', 'celine.cummerata@example.org', NULL), ('Miss Cortney Doyle', NULL, '49', 'cordie.eichmann@example.com', '104.41'), ('Kristofer Sipes MD', NULL, '92', 'cronin.theo@example.org', NULL), ('Benny Denesik Jr.', NULL, '57', 'dejon41@example.net', '977.83'), ('Lea Miller', NULL, '37', 'dejuan67@example.com', NULL), ('Bryana Hermann', NULL, '47', 'demetrius.fisher@example.net', NULL), ('Donnell Lind MD', NULL, '21', 'denesik.ruben@example.com', '14897.49'), ('Ken Auer II', NULL, '58', 'derek.paucek@example.org', '36583.92'), ('Leonel Adams', NULL, '92', 'destini.marks@example.org', NULL), ('Dr. Laverna Barrows DDS', NULL, '79', 'dkilback@example.org', NULL), ('Regan Walter PhD', NULL, '83', 'dkoepp@example.com', '2140.55'), ('Tom Hirthe', NULL, '32', 'dsanford@example.org', '13564.87'), ('Stanford Davis', NULL, '87', 'ernser.sarah@example.org', '146.82'), ('Stacy Kilback', NULL, '24', 'farrell.noemy@example.org', '413.61'), ('Mr. Eldred Nikolaus MD', NULL, '53', 'freddie94@example.org', '130.73'), ('Mr. Zack Wisozk', NULL, '51', 'freichel@example.net', NULL), ('Dusty Kunde', NULL, '68', 'freynolds@example.com', '606.36'), ('Maxie OReilly III', NULL, '62', 'garrison.larson@example.com', '634.82'), ('Mr. Moshe Mraz', NULL, '23', 'gdonnelly@example.org', '352.12'), ('Prof. Barbara Dach', NULL, '27', 'geo.dach@example.org', NULL), ('Jenifer Muller', NULL, '82', 'gleason.daphney@example.com', '151.69'), ('Dr. Frederic Little', NULL, '96', 'gulgowski.kali@example.com', NULL), ('Bert Cummings', NULL, '75', 'halvorson.ivy@example.net', NULL), ('Ardith Wilkinson', NULL, '45', 'harrison.bradtke@example.com', '1467.07'), ('Twila Stark', NULL, '35', 'heaney.meggie@example.org', '7792.28'), ('Thelma Cormier', NULL, '88', 'hilario79@example.org', NULL), ('Prof. Van Auer', NULL, '22', 'homenick.sydney@example.com', '1250.65'), ('Prof. Palma Spinka', NULL, '28', 'howe.elian@example.net', '26.86'), ('Norene Ortiz', NULL, '49', 'ignatius.kuhlman@example.org', '808.06'), ('Wava Buckridge', NULL, '49', 'jacobi.megane@example.com', '29.88'), ('Prof. Cameron Keeling', NULL, '75', 'jody41@example.com', NULL), ('Zack Stiedemann', NULL, '77', 'julian81@example.com', '701.35'), ('Haven Mann', NULL, '66', 'kaley41@example.org', '809.64'), ('Francisco Swaniawski', NULL, '80', 'kariane.marvin@example.org', NULL), ('Prof. Lavonne King', NULL, '73', 'karianne.wolff@example.org', '199.97'), ('Keith Hoeger', NULL, '47', 'klocko.kareem@example.net', '405.51'), ('Mrs. Avis Gerhold', NULL, '99', 'kunde.kraig@example.org', '1155.96'), ('Dr. Clair Bayer', NULL, '78', 'kunze.aniya@example.com', NULL), ('Elyssa Gerhold', NULL, '60', 'magdalen99@example.org', '964.64'), ('Anastasia Kemmer', NULL, '19', 'maiya.boehm@example.org', '984.76'), ('Maegan Hackett', NULL, '58', 'marilyne.mcglynn@example.net', '3305.84'), ('Eladio Weber', NULL, '58', 'marlene.beahan@example.net', NULL), ('Damien Bauch', NULL, '29', 'maurine88@example.org', '10847.18'), ('Dr. Gabe Paucek', NULL, '41', 'medhurst.tiffany@example.net', NULL), ('Mr. Mustafa Altenwerth', NULL, '93', 'mgleason@example.net', NULL), ('Madie Bechtelar', NULL, '23', 'milford.corkery@example.net', NULL), ('Gladys Goodwin', NULL, '27', 'milton.white@example.org', '8217.66'), ('Moshe Spencer', NULL, '29', 'molly.feil@example.org', NULL), ('Ms. Sandrine Nienow', NULL, '62', 'mstehr@example.net', NULL), ('Joanie Purdy', NULL, '34', 'ncorkery@example.org', '800.14'), ('Miss Lila Jacobs Sr.', NULL, '74', 'nwehner@example.org', NULL), ('Sydnee Koelpin', NULL, '21', 'octavia.white@example.com', '792.82'), ('Ibrahim Kiehn MD', NULL, '33', 'oswald.parisian@example.net', '78729.77'), ('Adrianna Hilpert', NULL, '61', 'pfeffer.louisa@example.com', NULL), ('Agustin Champlin', NULL, '20', 'pink.schoen@example.com', '839.61'), ('Elijah Carter', NULL, '64', 'qdonnelly@example.net', '33041.46'), ('Rhiannon Kirlin PhD', NULL, '20', 'qfahey@example.com', '3830.46'), ('Keeley Lindgren', NULL, '98', 'qrau@example.com', '354.53'), ('Prof. Margarita Conn V', NULL, '31', 'quinton.koelpin@example.org', '23164.7'), ('Tyree Luettgen', NULL, '43', 'rcorwin@example.org', '3198.02'), ('Emmanuelle Waelchi', NULL, '50', 'reilly.emmie@example.net', NULL), ('Josh Abbott', NULL, '98', 'rex.frami@example.org', '1151.21'), ('Mrs. Kaylah Wyman DVM', NULL, '37', 'roberto09@example.org', '686.48'), ('Skyla Raynor', NULL, '76', 'rose71@example.net', '902.09'), ('Mr. Baron Hodkiewicz DDS', NULL, '34', 'rossie25@example.org', '887.3'), ('Broderick Lueilwitz', NULL, '31', 'rrunolfsdottir@example.org', '6059.99'), ('Dayna Gleichner', NULL, '65', 'salvador.corwin@example.net', '983.83'), ('Prof. Carli Will', NULL, '73', 'sophie.grimes@example.org', '1405.43'), ('Prof. Al Oberbrunner Sr.', NULL, '34', 'stehr.lane@example.com', '479.21'), ('Francesco Ankunding', NULL, '93', 'swaniawski.sophia@example.com', NULL), ('Arden Gorczany', NULL, '64', 'sylvester59@example.com', NULL), ('Lesley Lueilwitz', NULL, '64', 'tbernier@example.com', '455.82'), ('Carrie Hagenes I', NULL, '29', 'trycia.fay@example.org', '745.03'), ('Lauren Torphy', NULL, '62', 'ublanda@example.net', '788.06'), ('Georgianna Hoppe', NULL, '100', 'uturner@example.com', '1027.07'), ('Dr. Vivien Miller', NULL, '42', 'vcremin@example.org', NULL), ('Verner Walker', NULL, '85', 'vlittle@example.com', '845.41'), ('Noemi Tremblay', NULL, '27', 'ward.makenna@example.org', '2110.2'), ('Dr. Erin Dooley', NULL, '32', 'wbruen@example.net', NULL), ('Dr. Madison Schultz', NULL, '38', 'winnifred69@example.org', '586.71'), ('Dr. Gladyce Klocko', NULL, '73', 'xhomenick@example.com', '20627.86'), ('Modesta Kiehn', NULL, '26', 'xschoen@example.org', '11129.81'), ('Madonna Russel MD', NULL, '61', 'yundt.eda@example.net', '33943.39'), ('Michel Borer', NULL, '61', 'zkub@example.org', '41.63'), ('Mr. Major O Connell IV', NULL, '96', 'zmuller@example.org', NULL); nested exception is java.sql.SQLIntegrityConstraintViolationException: Column 'salary_range' cannot be null
2023-09-01 13:45:02,566 INFO o.s.o.j.LocalContainerEntityManagerFactoryBean [main] Closing JPA EntityManagerFactory for persistence unit 'default'
2023-09-01 13:45:02,569 INFO c.z.h.HikariDataSource [main] HikariPool-1 - Shutdown initiated...
2023-09-01 13:45:02,572 INFO c.z.h.HikariDataSource [main] HikariPool-1 - Shutdown completed.
2023-09-01 13:45:23,058 INFO o.h.v.i.u.Version [background-preinit] HV000001: Hibernate Validator 6.1.6.Final
2023-09-01 13:45:23,092 INFO o.e.SpringBatchApp [main] Starting SpringBatchApp using Java 1.8.0_202 on ITEM-S77589 with PID 16592 (C:\Users\mzoghlami\DATA\mycode\batch\Batch - Copie\target\classes started by mzoghlami in C:\Users\mzoghlami\DATA\mycode\batch\Batch - Copie)
2023-09-01 13:45:23,093 INFO o.e.SpringBatchApp [main] No active profile set, falling back to default profiles: default
2023-09-01 13:45:23,676 INFO o.s.d.r.c.RepositoryConfigurationDelegate [main] Bootstrapping Spring Data JPA repositories in DEFAULT mode.
2023-09-01 13:45:23,740 INFO o.s.d.r.c.RepositoryConfigurationDelegate [main] Finished Spring Data repository scanning in 56 ms. Found 1 JPA repository interfaces.
2023-09-01 13:45:24,133 INFO o.h.j.i.u.LogHelper [main] HHH000204: Processing PersistenceUnitInfo [name: default]
2023-09-01 13:45:24,184 INFO o.h.Version [main] HHH000412: Hibernate ORM core version 5.4.25.Final
2023-09-01 13:45:24,339 INFO o.h.a.c.Version [main] HCANN000001: Hibernate Commons Annotations {5.1.2.Final}
2023-09-01 13:45:24,865 INFO c.z.h.HikariDataSource [main] HikariPool-1 - Starting...
2023-09-01 13:45:25,573 INFO c.z.h.HikariDataSource [main] HikariPool-1 - Start completed.
2023-09-01 13:45:25,587 INFO o.h.d.Dialect [main] HHH000400: Using dialect: org.hibernate.dialect.MySQL5InnoDBDialect
2023-09-01 13:45:26,330 INFO o.h.e.t.j.p.i.JtaPlatformInitiator [main] HHH000490: Using JtaPlatform implementation: [org.hibernate.engine.transaction.jta.platform.internal.NoJtaPlatform]
2023-09-01 13:45:26,338 INFO o.s.o.j.LocalContainerEntityManagerFactoryBean [main] Initialized JPA EntityManagerFactory for persistence unit 'default'
2023-09-01 13:45:26,900 INFO o.s.b.c.r.s.JobRepositoryFactoryBean [main] No database type set, using meta data indicating: MYSQL
2023-09-01 13:45:27,072 INFO o.s.b.c.l.s.SimpleJobLauncher [main] No TaskExecutor has been set, defaulting to synchronous executor.
2023-09-01 13:45:27,295 INFO o.e.SpringBatchApp [main] Started SpringBatchApp in 4.823 seconds (JVM running for 5.627)
2023-09-01 13:45:27,364 INFO o.s.b.c.l.s.SimpleJobLauncher [main] Job: [SimpleJob: [name=cursorDataSourceJob]] launched with the following parameters: [{time=1693572327297}]
2023-09-01 13:45:27,420 INFO o.s.b.c.j.SimpleStepHandler [main] Executing step: [cursorDataSourceStep]
2023-09-01 13:45:28,063 INFO o.s.b.c.s.AbstractStep [main] Step: [cursorDataSourceStep] executed in 643ms
2023-09-01 13:45:28,076 INFO o.s.b.c.l.s.SimpleJobLauncher [main] Job: [SimpleJob: [name=cursorDataSourceJob]] completed with the following parameters: [{time=1693572327297}] and the following status: [COMPLETED] in 679ms
2023-09-01 13:45:28,082 INFO o.s.o.j.LocalContainerEntityManagerFactoryBean [SpringContextShutdownHook] Closing JPA EntityManagerFactory for persistence unit 'default'
2023-09-01 13:45:28,085 INFO c.z.h.HikariDataSource [SpringContextShutdownHook] HikariPool-1 - Shutdown initiated...
2023-09-01 13:45:28,091 INFO c.z.h.HikariDataSource [SpringContextShutdownHook] HikariPool-1 - Shutdown completed.
2023-09-01 13:59:57,104 INFO o.h.v.i.u.Version [background-preinit] HV000001: Hibernate Validator 6.1.6.Final
2023-09-01 13:59:57,146 INFO o.e.SpringBatchApp [main] Starting SpringBatchApp using Java 1.8.0_202 on ITEM-S77589 with PID 14000 (C:\Users\mzoghlami\DATA\mycode\batch\Batch - Copie\target\classes started by mzoghlami in C:\Users\mzoghlami\DATA\mycode\batch\Batch - Copie)
2023-09-01 13:59:57,147 INFO o.e.SpringBatchApp [main] No active profile set, falling back to default profiles: default
2023-09-01 13:59:57,665 INFO o.s.d.r.c.RepositoryConfigurationDelegate [main] Bootstrapping Spring Data JPA repositories in DEFAULT mode.
2023-09-01 13:59:57,728 INFO o.s.d.r.c.RepositoryConfigurationDelegate [main] Finished Spring Data repository scanning in 55 ms. Found 1 JPA repository interfaces.
2023-09-01 13:59:58,149 INFO o.h.j.i.u.LogHelper [main] HHH000204: Processing PersistenceUnitInfo [name: default]
2023-09-01 13:59:58,197 INFO o.h.Version [main] HHH000412: Hibernate ORM core version 5.4.25.Final
2023-09-01 13:59:58,351 INFO o.h.a.c.Version [main] HCANN000001: Hibernate Commons Annotations {5.1.2.Final}
2023-09-01 13:59:58,885 INFO c.z.h.HikariDataSource [main] HikariPool-1 - Starting...
2023-09-01 13:59:59,618 INFO c.z.h.HikariDataSource [main] HikariPool-1 - Start completed.
2023-09-01 13:59:59,633 INFO o.h.d.Dialect [main] HHH000400: Using dialect: org.hibernate.dialect.MySQL5InnoDBDialect
2023-09-01 14:00:00,445 INFO o.h.e.t.j.p.i.JtaPlatformInitiator [main] HHH000490: Using JtaPlatform implementation: [org.hibernate.engine.transaction.jta.platform.internal.NoJtaPlatform]
2023-09-01 14:00:00,452 INFO o.s.o.j.LocalContainerEntityManagerFactoryBean [main] Initialized JPA EntityManagerFactory for persistence unit 'default'
2023-09-01 14:00:01,057 INFO o.s.b.c.r.s.JobRepositoryFactoryBean [main] No database type set, using meta data indicating: MYSQL
2023-09-01 14:00:01,344 INFO o.s.b.c.l.s.SimpleJobLauncher [main] No TaskExecutor has been set, defaulting to synchronous executor.
2023-09-01 14:00:01,408 INFO o.e.SpringBatchApp [main] Started SpringBatchApp in 4.886 seconds (JVM running for 5.725)
2023-09-01 14:00:01,478 INFO o.s.b.c.l.s.SimpleJobLauncher [main] Job: [SimpleJob: [name=paginatorDataSourceJob]] launched with the following parameters: [{time=1693573201410}]
2023-09-01 14:00:01,513 INFO o.s.b.c.j.SimpleStepHandler [main] Executing step: [paginatorDataSourceStep]
2023-09-01 14:00:02,137 INFO o.s.b.c.s.AbstractStep [main] Step: [paginatorDataSourceStep] executed in 623ms
2023-09-01 14:00:02,148 INFO o.s.b.c.l.s.SimpleJobLauncher [main] Job: [SimpleJob: [name=paginatorDataSourceJob]] completed with the following parameters: [{time=1693573201410}] and the following status: [COMPLETED] in 648ms
2023-09-01 14:00:02,153 INFO o.s.o.j.LocalContainerEntityManagerFactoryBean [SpringContextShutdownHook] Closing JPA EntityManagerFactory for persistence unit 'default'
2023-09-01 14:00:02,156 INFO c.z.h.HikariDataSource [SpringContextShutdownHook] HikariPool-1 - Shutdown initiated...
2023-09-01 14:00:02,160 INFO c.z.h.HikariDataSource [SpringContextShutdownHook] HikariPool-1 - Shutdown completed.
2023-09-01 14:01:06,066 INFO o.h.v.i.u.Version [background-preinit] HV000001: Hibernate Validator 6.1.6.Final
2023-09-01 14:01:06,105 INFO o.e.SpringBatchApp [main] Starting SpringBatchApp using Java 1.8.0_202 on ITEM-S77589 with PID 13716 (C:\Users\mzoghlami\DATA\mycode\batch\Batch - Copie\target\classes started by mzoghlami in C:\Users\mzoghlami\DATA\mycode\batch\Batch - Copie)
2023-09-01 14:01:06,107 INFO o.e.SpringBatchApp [main] No active profile set, falling back to default profiles: default
2023-09-01 14:01:06,662 INFO o.s.d.r.c.RepositoryConfigurationDelegate [main] Bootstrapping Spring Data JPA repositories in DEFAULT mode.
2023-09-01 14:01:06,727 INFO o.s.d.r.c.RepositoryConfigurationDelegate [main] Finished Spring Data repository scanning in 57 ms. Found 1 JPA repository interfaces.
2023-09-01 14:01:07,115 INFO o.h.j.i.u.LogHelper [main] HHH000204: Processing PersistenceUnitInfo [name: default]
2023-09-01 14:01:07,165 INFO o.h.Version [main] HHH000412: Hibernate ORM core version 5.4.25.Final
2023-09-01 14:01:07,318 INFO o.h.a.c.Version [main] HCANN000001: Hibernate Commons Annotations {5.1.2.Final}
2023-09-01 14:01:07,865 INFO c.z.h.HikariDataSource [main] HikariPool-1 - Starting...
2023-09-01 14:01:08,612 INFO c.z.h.HikariDataSource [main] HikariPool-1 - Start completed.
2023-09-01 14:01:08,630 INFO o.h.d.Dialect [main] HHH000400: Using dialect: org.hibernate.dialect.MySQL5InnoDBDialect
2023-09-01 14:01:09,457 INFO o.h.e.t.j.p.i.JtaPlatformInitiator [main] HHH000490: Using JtaPlatform implementation: [org.hibernate.engine.transaction.jta.platform.internal.NoJtaPlatform]
2023-09-01 14:01:09,465 INFO o.s.o.j.LocalContainerEntityManagerFactoryBean [main] Initialized JPA EntityManagerFactory for persistence unit 'default'
2023-09-01 14:01:10,066 INFO o.s.b.c.r.s.JobRepositoryFactoryBean [main] No database type set, using meta data indicating: MYSQL
2023-09-01 14:01:10,338 INFO o.s.b.c.l.s.SimpleJobLauncher [main] No TaskExecutor has been set, defaulting to synchronous executor.
2023-09-01 14:01:10,434 INFO o.e.SpringBatchApp [main] Started SpringBatchApp in 4.964 seconds (JVM running for 5.765)
2023-09-01 14:01:10,520 INFO o.s.b.c.l.s.SimpleJobLauncher [main] Job: [SimpleJob: [name=paginatorDataSourceJob]] launched with the following parameters: [{time=1693573270437}]
2023-09-01 14:01:10,571 INFO o.s.b.c.j.SimpleStepHandler [main] Executing step: [paginatorDataSourceStep]
2023-09-01 14:01:11,306 INFO o.s.b.c.s.AbstractStep [main] Step: [paginatorDataSourceStep] executed in 735ms
2023-09-01 14:01:11,315 INFO o.s.b.c.l.s.SimpleJobLauncher [main] Job: [SimpleJob: [name=paginatorDataSourceJob]] completed with the following parameters: [{time=1693573270437}] and the following status: [COMPLETED] in 765ms
2023-09-01 14:01:11,320 INFO o.s.o.j.LocalContainerEntityManagerFactoryBean [SpringContextShutdownHook] Closing JPA EntityManagerFactory for persistence unit 'default'
2023-09-01 14:01:11,322 INFO c.z.h.HikariDataSource [SpringContextShutdownHook] HikariPool-1 - Shutdown initiated...
2023-09-01 14:01:11,326 INFO c.z.h.HikariDataSource [SpringContextShutdownHook] HikariPool-1 - Shutdown completed.
